јун 02, 2017 11:33:52 PM korenski.controller.institutions.RacunController noviRacun
FINEST: Entering  noviRacun(klijent=korenski.model.klijenti.Klijent@7e447eee, request=org.apache.catalina.connector.RequestFacade@4057bfc4) 
јун 02, 2017 11:33:52 PM korenski.controller.institutions.RacunController noviRacun
INFO: USER 1 DEACTIVATE_ACCOUNT 123-7443612045445-70

јун 02, 2017 11:33:52 PM korenski.controller.institutions.RacunController noviRacun
FINEST: Leaving noviRacun(): korenski.model.infrastruktura.Racun@732f3ac7

јун 03, 2017 12:36:46 AM korenski.controller.institutions.RacunController noviRacun
FINEST: Entering  noviRacun(klijent=korenski.model.klijenti.Klijent@6b50d661, request=org.apache.catalina.connector.RequestFacade@26f6b511) 
јун 03, 2017 12:36:46 AM korenski.controller.institutions.RacunController noviRacun
INFO: USER 1 DEACTIVATE_ACCOUNT 123-2009791385209-18

јун 03, 2017 12:36:46 AM korenski.controller.institutions.RacunController noviRacun
FINEST: Leaving noviRacun(): korenski.model.infrastruktura.Racun@5837787c

јун 03, 2017 12:37:43 AM korenski.controller.institutions.RacunController zatvoriRacun
INFO: USER 1 DEACTIVATE_ACCOUNT 
јун 03, 2017 12:37:43 AM korenski.controller.institutions.RacunController zatvoriRacun
WARNING: BILJANA
јун 03, 2017 12:47:51 AM korenski.controller.institutions.RacunController noviRacun
FINEST: Entering  noviRacun(klijent=korenski.model.klijenti.Klijent@601f2f35, request=org.apache.catalina.connector.RequestFacade@4c48aad8) 
јун 03, 2017 12:47:51 AM korenski.controller.institutions.RacunController noviRacun
INFO: USER 1 DEACTIVATE_ACCOUNT 123-1475647175219-48

јун 03, 2017 12:47:51 AM korenski.controller.institutions.RacunController noviRacun
FINEST: Leaving noviRacun(): korenski.model.infrastruktura.Racun@265e3ef1

јун 03, 2017 12:47:55 AM korenski.controller.institutions.RacunController zatvoriRacun
INFO: USER 1 DEACTIVATE_ACCOUNT 
јун 03, 2017 12:47:55 AM korenski.controller.institutions.RacunController zatvoriRacun
WARNING: BILJANA
јун 03, 2017 1:53:05 AM korenski.controller.businesslogic.ImportController importChosenXML
FINEST: Entering  importChosenXML(fileName=Nalozi_primer.xml, request=org.apache.catalina.connector.RequestFacade@1a255098) 
јун 03, 2017 1:53:07 AM korenski.controller.businesslogic.ImportController importChosenXML
INFO: USER 1 PERMISIJA  Medjubankarski 123-9338670954849-69 234-6355718718680-9 1500.23
јун 03, 2017 1:53:09 AM korenski.controller.businesslogic.ImportController importChosenXML
INFO: USER 1 PERMISIJA  Medjubankarski 123-9338670954849-69 345-3990849817799-56 1200.0
јун 03, 2017 1:53:10 AM korenski.controller.businesslogic.ImportController importChosenXML
INFO: USER 1 PERMISIJA  Medjubankarski 123-9338670954849-69 345-3990849817799-56 8000.0
јун 03, 2017 1:53:10 AM korenski.controller.businesslogic.ImportController importChosenXML
INFO: USER 1 PERMISIJA  Medjubankarski 123-9338670954849-69 345-3990849817799-56 300.0
јун 03, 2017 1:53:10 AM korenski.controller.businesslogic.ImportController importChosenXML
INFO: USER 1 PERMISIJA  Medjubankarski 123-9338670954849-69 345-3990849817799-56 300.0
јун 03, 2017 1:53:12 AM korenski.controller.businesslogic.ImportController importChosenXML
INFO: USER 1 PERMISIJA  Medjubankarski 123-9338670954849-69 345-3990849817799-56 300.0
јун 03, 2017 1:53:13 AM korenski.controller.businesslogic.ImportController importChosenXML
INFO: USER 1 PERMISIJA  Medjubankarski 123-9338670954849-69 345-3990849817799-56 300.0
јун 03, 2017 10:42:06 AM korenski.controller.businesslogic.ImportController importChosenXML
FINEST: Entering  importChosenXML(fileName=Nalozi_primer.xml, request=org.apache.catalina.connector.RequestFacade@274ad4e6) 
јун 03, 2017 10:45:14 AM korenski.controller.businesslogic.ImportController importChosenXML
FINEST: Entering  importChosenXML(fileName=Nalozi_primer.xml, request=org.apache.catalina.connector.RequestFacade@2247e60) 
јун 03, 2017 10:45:16 AM korenski.controller.businesslogic.ImportController importChosenXML
INFO: USER 1 PERMISIJA  Medjubankarski 123-9338670954849-69 234-6355718718680-9 1500.23
јун 03, 2017 10:45:18 AM korenski.controller.businesslogic.ImportController importChosenXML
INFO: USER 1 PERMISIJA  Medjubankarski 123-9338670954849-69 345-3990849817799-56 1200.0
јун 03, 2017 10:45:18 AM korenski.controller.businesslogic.ImportController importChosenXML
INFO: USER 1 PERMISIJA  Medjubankarski 123-9338670954849-69 345-3990849817799-56 8000.0
јун 03, 2017 10:45:19 AM korenski.controller.businesslogic.ImportController importChosenXML
INFO: USER 1 PERMISIJA  Medjubankarski 123-9338670954849-69 345-3990849817799-56 300.0
јун 03, 2017 10:45:19 AM korenski.controller.businesslogic.ImportController importChosenXML
INFO: USER 1 PERMISIJA  Medjubankarski 123-9338670954849-69 345-3990849817799-56 300.0
јун 03, 2017 10:45:20 AM korenski.controller.businesslogic.ImportController importChosenXML
INFO: USER 1 PERMISIJA  Medjubankarski 123-9338670954849-69 345-3990849817799-56 300.0
јун 03, 2017 10:45:22 AM korenski.controller.businesslogic.ImportController importChosenXML
INFO: USER 1 PERMISIJA  Medjubankarski 123-9338670954849-69 345-3990849817799-56 300.0
јун 03, 2017 10:45:30 AM korenski.controller.institutions.RacunController noviRacun
FINEST: Entering  noviRacun(klijent=korenski.model.klijenti.Klijent@5e058878, request=org.apache.catalina.connector.RequestFacade@2247e60) 
јун 03, 2017 10:45:30 AM korenski.controller.institutions.RacunController noviRacun
INFO: USER 1 DEACTIVATE_ACCOUNT 123-0913847301871-37

јун 03, 2017 10:45:30 AM korenski.controller.institutions.RacunController noviRacun
FINEST: Leaving noviRacun(): korenski.model.infrastruktura.Racun@32eb4e13

јун 03, 2017 10:45:33 AM korenski.controller.institutions.RacunController noviRacun
FINEST: Entering  noviRacun(klijent=korenski.model.klijenti.Klijent@340c65bb, request=org.apache.catalina.connector.RequestFacade@2247e60) 
јун 03, 2017 10:45:33 AM korenski.controller.institutions.RacunController noviRacun
INFO: USER 1 DEACTIVATE_ACCOUNT 123-1902369788678-65

јун 03, 2017 10:45:33 AM korenski.controller.institutions.RacunController noviRacun
FINEST: Leaving noviRacun(): korenski.model.infrastruktura.Racun@301f49bc

јун 03, 2017 10:49:56 AM korenski.controller.businesslogic.ImportController importChosenXML
FINEST: Entering  importChosenXML(fileName=Nalozi_primer.xml, request=org.apache.catalina.connector.RequestFacade@388bb9e2) 
јун 03, 2017 10:49:58 AM korenski.controller.businesslogic.ImportController importChosenXML
INFO: USER 1 PERMISIJA  Medjubankarski 123-9338670954849-69 234-6355718718680-9 1500.23
јун 03, 2017 10:50:00 AM korenski.controller.businesslogic.ImportController importChosenXML
INFO: USER 1 PERMISIJA  Medjubankarski 123-9338670954849-69 345-3990849817799-56 1200.0
јун 03, 2017 10:50:00 AM korenski.controller.businesslogic.ImportController importChosenXML
INFO: USER 1 PERMISIJA  Medjubankarski 123-9338670954849-69 345-3990849817799-56 8000.0
јун 03, 2017 10:50:01 AM korenski.controller.businesslogic.ImportController importChosenXML
INFO: USER 1 PERMISIJA  Medjubankarski 123-9338670954849-69 345-3990849817799-56 300.0
јун 03, 2017 10:50:01 AM korenski.controller.businesslogic.ImportController importChosenXML
INFO: USER 1 PERMISIJA  Medjubankarski 123-9338670954849-69 345-3990849817799-56 300.0
јун 03, 2017 10:50:03 AM korenski.controller.businesslogic.ImportController importChosenXML
INFO: USER 1 PERMISIJA  Medjubankarski 123-9338670954849-69 345-3990849817799-56 300.0
јун 03, 2017 10:50:05 AM korenski.controller.businesslogic.ImportController importChosenXML
INFO: USER 1 PERMISIJA  Medjubankarski 123-9338670954849-69 345-3990849817799-56 300.0
јун 03, 2017 11:54:01 AM korenski.controller.businesslogic.ImportController importChosenXML
FINEST: Entering  importChosenXML(fileName=Nalozi_primer.xml, request=org.apache.catalina.connector.RequestFacade@308a8e8e) 
јун 03, 2017 11:55:19 AM korenski.controller.businesslogic.ImportController importChosenXML
INFO: USER 1 PERMISIJA  Medjubankarski 123-9338670954849-69 234-6355718718680-9 1500.23
јун 03, 2017 11:55:32 AM korenski.controller.businesslogic.ImportController importChosenXML
FINEST: Entering  importChosenXML(fileName=Nalozi_primer.xml, request=org.apache.catalina.connector.RequestFacade@1974fb0f) 
јун 03, 2017 11:57:20 AM korenski.controller.businesslogic.ImportController importChosenXML
INFO: USER 1 PERMISIJA  Medjubankarski 123-9338670954849-69 345-3990849817799-56 1200.0
јун 03, 2017 11:57:53 AM korenski.controller.businesslogic.ImportController importChosenXML
INFO: USER 1 PERMISIJA  Medjubankarski 123-9338670954849-69 345-3990849817799-56 8000.0
јун 03, 2017 11:57:55 AM korenski.controller.businesslogic.ImportController importChosenXML
INFO: USER 1 PERMISIJA  Medjubankarski 123-9338670954849-69 234-6355718718680-9 1500.23
јун 03, 2017 11:57:56 AM korenski.controller.businesslogic.ImportController importChosenXML
INFO: USER 1 PERMISIJA  Medjubankarski 123-9338670954849-69 345-3990849817799-56 300.0
јун 03, 2017 11:57:57 AM korenski.controller.businesslogic.ImportController importChosenXML
INFO: USER 1 PERMISIJA  Medjubankarski 123-9338670954849-69 345-3990849817799-56 1200.0
јун 03, 2017 11:57:59 AM korenski.controller.businesslogic.ImportController importChosenXML
INFO: USER 1 PERMISIJA  Medjubankarski 123-9338670954849-69 345-3990849817799-56 300.0
јун 03, 2017 11:57:59 AM korenski.controller.businesslogic.ImportController importChosenXML
INFO: USER 1 PERMISIJA  Medjubankarski 123-9338670954849-69 345-3990849817799-56 300.0
јун 03, 2017 11:58:00 AM korenski.controller.businesslogic.ImportController importChosenXML
INFO: USER 1 PERMISIJA  Medjubankarski 123-9338670954849-69 345-3990849817799-56 300.0
јун 03, 2017 11:58:02 AM korenski.controller.businesslogic.ImportController importChosenXML
INFO: USER 1 PERMISIJA  Medjubankarski 123-9338670954849-69 345-3990849817799-56 300.0
јун 03, 2017 11:58:04 AM korenski.controller.businesslogic.ImportController importChosenXML
INFO: USER 1 PERMISIJA  Medjubankarski 123-9338670954849-69 345-3990849817799-56 300.0
јун 03, 2017 11:58:04 AM korenski.controller.businesslogic.ImportController importChosenXML
INFO: USER 1 PERMISIJA  Medjubankarski 123-9338670954849-69 345-3990849817799-56 300.0
јун 03, 2017 11:58:08 AM korenski.controller.businesslogic.ImportController importChosenXML
INFO: USER 1 PERMISIJA  Medjubankarski 123-9338670954849-69 345-3990849817799-56 300.0
јун 03, 2017 1:08:52 PM korenski.controller.businesslogic.ImportController importChosenXML
FINEST: Entering  importChosenXML(fileName=Nalozi_primer.xml, request=org.apache.catalina.connector.RequestFacade@6cd16d31) 
јун 03, 2017 1:08:54 PM korenski.controller.businesslogic.ImportController importChosenXML
INFO: USER 1 PERMISIJA  Medjubankarski 123-9338670954849-69 234-6355718718680-9 1500.23
јун 03, 2017 1:08:56 PM korenski.controller.businesslogic.ImportController importChosenXML
INFO: USER 1 PERMISIJA  Medjubankarski 123-9338670954849-69 345-3990849817799-56 1200.0
јун 03, 2017 1:08:56 PM korenski.controller.businesslogic.ImportController importChosenXML
INFO: USER 1 PERMISIJA  Medjubankarski 123-9338670954849-69 345-3990849817799-56 8000.0
јун 03, 2017 1:08:57 PM korenski.controller.businesslogic.ImportController importChosenXML
INFO: USER 1 PERMISIJA  Medjubankarski 123-9338670954849-69 345-3990849817799-56 300.0
јун 03, 2017 1:08:57 PM korenski.controller.businesslogic.ImportController importChosenXML
INFO: USER 1 PERMISIJA  Medjubankarski 123-9338670954849-69 345-3990849817799-56 300.0
јун 03, 2017 1:08:58 PM korenski.controller.businesslogic.ImportController importChosenXML
INFO: USER 1 PERMISIJA  Medjubankarski 123-9338670954849-69 345-3990849817799-56 300.0
јун 03, 2017 1:09:00 PM korenski.controller.businesslogic.ImportController importChosenXML
INFO: USER 1 PERMISIJA  Medjubankarski 123-9338670954849-69 345-3990849817799-56 300.0
јун 03, 2017 1:28:48 PM korenski.controller.institutions.RacunController noviRacun
FINEST: Entering  noviRacun(klijent=korenski.model.klijenti.Klijent@13f84c9c, request=org.apache.catalina.connector.RequestFacade@2194aa1b) 
јун 03, 2017 1:28:48 PM korenski.controller.institutions.RacunController noviRacun
INFO: USER 1 DEACTIVATE_ACCOUNT 123-1917792979336-3

јун 03, 2017 1:28:48 PM korenski.controller.institutions.RacunController noviRacun
FINEST: Leaving noviRacun(): korenski.model.infrastruktura.Racun@17d1c3f8

јун 03, 2017 1:28:51 PM korenski.controller.institutions.RacunController noviRacun
FINEST: Entering  noviRacun(klijent=korenski.model.klijenti.Klijent@5287261c, request=org.apache.catalina.connector.RequestFacade@2194aa1b) 
јун 03, 2017 1:28:51 PM korenski.controller.institutions.RacunController noviRacun
INFO: USER 1 DEACTIVATE_ACCOUNT 123-8593784239351-70

јун 03, 2017 1:28:51 PM korenski.controller.institutions.RacunController noviRacun
FINEST: Leaving noviRacun(): korenski.model.infrastruktura.Racun@65bf0ba

јун 03, 2017 1:34:34 PM korenski.controller.institutions.RacunController noviRacun
FINEST: Entering  noviRacun(klijent=korenski.model.klijenti.Klijent@6275fc16, request=org.apache.catalina.connector.RequestFacade@65759df2) 
јун 03, 2017 1:34:36 PM korenski.controller.institutions.RacunController noviRacun
FINEST: Entering  noviRacun(klijent=korenski.model.klijenti.Klijent@3951eeed, request=org.apache.catalina.connector.RequestFacade@65759df2) 
јун 03, 2017 1:34:38 PM korenski.controller.institutions.RacunController noviRacun
FINEST: Entering  noviRacun(klijent=korenski.model.klijenti.Klijent@707a1505, request=org.apache.catalina.connector.RequestFacade@65759df2) 
јун 03, 2017 1:38:35 PM korenski.controller.institutions.RacunController noviRacun
FINEST: Entering  noviRacun(klijent=korenski.model.klijenti.Klijent@79a529e4, request=org.apache.catalina.connector.RequestFacade@ad8f81f) 
јун 03, 2017 1:38:35 PM korenski.controller.institutions.RacunController noviRacun
INFO: USER 1 DEACTIVATE_ACCOUNT 123-5996126316479-63

јун 03, 2017 1:38:35 PM korenski.controller.institutions.RacunController noviRacun
FINEST: Leaving noviRacun(): korenski.model.infrastruktura.Racun@78e41615

јун 03, 2017 1:38:36 PM korenski.controller.institutions.RacunController noviRacun
FINEST: Entering  noviRacun(klijent=korenski.model.klijenti.Klijent@f46bb5f, request=org.apache.catalina.connector.RequestFacade@ad8f81f) 
јун 03, 2017 1:38:37 PM korenski.controller.institutions.RacunController noviRacun
INFO: USER 1 DEACTIVATE_ACCOUNT 123-7257088089315-7

јун 03, 2017 1:38:37 PM korenski.controller.institutions.RacunController noviRacun
FINEST: Leaving noviRacun(): korenski.model.infrastruktura.Racun@4566bb5

јун 03, 2017 1:45:55 PM korenski.controller.institutions.RacunController noviRacun
FINEST: Entering  noviRacun(klijent=korenski.model.klijenti.Klijent@25180449, request=org.apache.catalina.connector.RequestFacade@e00ddb3) 
јун 03, 2017 1:45:56 PM korenski.controller.institutions.RacunController noviRacun
INFO: USER 1 DEACTIVATE_ACCOUNT 123-8780191787533-18

јун 03, 2017 1:45:56 PM korenski.controller.institutions.RacunController noviRacun
FINEST: Leaving noviRacun(): korenski.model.infrastruktura.Racun@74e9450f

јун 03, 2017 1:46:06 PM korenski.controller.institutions.RacunController noviRacun
FINEST: Entering  noviRacun(klijent=korenski.model.klijenti.Klijent@16bb69a2, request=org.apache.catalina.connector.RequestFacade@e00ddb3) 
јун 03, 2017 1:46:06 PM korenski.controller.institutions.RacunController noviRacun
INFO: USER 1 DEACTIVATE_ACCOUNT 123-6044203642075-87

јун 03, 2017 1:46:06 PM korenski.controller.institutions.RacunController noviRacun
FINEST: Leaving noviRacun(): korenski.model.infrastruktura.Racun@6b7534b5

јун 03, 2017 2:16:56 PM korenski.controller.businesslogic.ImportController importChosenXML
FINEST: Entering  importChosenXML(fileName=Nalozi_primer.xml, request=org.apache.catalina.connector.RequestFacade@e00ddb3) 
јун 03, 2017 2:16:58 PM korenski.controller.businesslogic.ImportController importChosenXML
INFO: USER 1 PERMISIJA  Medjubankarski 123-9338670954849-69 234-6355718718680-9 1500.23
јун 03, 2017 2:17:00 PM korenski.controller.businesslogic.ImportController importChosenXML
INFO: USER 1 PERMISIJA  Medjubankarski 123-9338670954849-69 345-3990849817799-56 1200.0
јун 03, 2017 2:17:00 PM korenski.controller.businesslogic.ImportController importChosenXML
INFO: USER 1 PERMISIJA  Medjubankarski 123-9338670954849-69 345-3990849817799-56 8000.0
јун 03, 2017 2:17:00 PM korenski.controller.businesslogic.ImportController importChosenXML
INFO: USER 1 PERMISIJA  Medjubankarski 123-9338670954849-69 345-3990849817799-56 300.0
јун 03, 2017 2:17:01 PM korenski.controller.businesslogic.ImportController importChosenXML
INFO: USER 1 PERMISIJA  Medjubankarski 123-9338670954849-69 345-3990849817799-56 300.0
јун 03, 2017 2:17:02 PM korenski.controller.businesslogic.ImportController importChosenXML
INFO: USER 1 PERMISIJA  Medjubankarski 123-9338670954849-69 345-3990849817799-56 300.0
јун 03, 2017 2:17:03 PM korenski.controller.businesslogic.ImportController importChosenXML
INFO: USER 1 PERMISIJA  Medjubankarski 123-9338670954849-69 345-3990849817799-56 300.0
јун 03, 2017 2:20:38 PM korenski.controller.institutions.RacunController noviRacun
FINEST: Entering  noviRacun(klijent=korenski.model.klijenti.Klijent@207d289d, request=org.apache.catalina.connector.RequestFacade@190ab805) 
јун 03, 2017 2:20:38 PM korenski.controller.institutions.RacunController noviRacun
INFO: USER 1 DEACTIVATE_ACCOUNT 123-3286735338274-70

јун 03, 2017 2:20:38 PM korenski.controller.institutions.RacunController noviRacun
FINEST: Leaving noviRacun(): korenski.model.infrastruktura.Racun@451b0391

јун 03, 2017 2:20:43 PM korenski.controller.institutions.RacunController noviRacun
FINEST: Entering  noviRacun(klijent=korenski.model.klijenti.Klijent@14283291, request=org.apache.catalina.connector.RequestFacade@190ab805) 
јун 03, 2017 2:20:43 PM korenski.controller.institutions.RacunController noviRacun
INFO: USER 1 DEACTIVATE_ACCOUNT 123-0017503289647-86

јун 03, 2017 2:20:43 PM korenski.controller.institutions.RacunController noviRacun
FINEST: Leaving noviRacun(): korenski.model.infrastruktura.Racun@5f9e53a1

јун 03, 2017 2:21:41 PM korenski.controller.institutions.RacunController zatvoriRacun
INFO: USER 1 DEACTIVATE_ACCOUNT 123-4566-98
јун 03, 2017 2:21:41 PM korenski.controller.institutions.RacunController zatvoriRacun
WARNING: BILJANA
јун 03, 2017 2:31:52 PM korenski.controller.institutions.RacunController noviRacun
FINEST: Entering  noviRacun(klijent=korenski.model.klijenti.Klijent@95282f7, request=org.apache.catalina.connector.RequestFacade@190ab805) 
јун 03, 2017 2:32:40 PM korenski.controller.institutions.RacunController noviRacun
FINEST: Entering  noviRacun(klijent=korenski.model.klijenti.Klijent@780c91fd, request=org.apache.catalina.connector.RequestFacade@190ab805) 
јун 03, 2017 11:52:23 PM korenski.controller.institutions.RacunController noviRacun
FINEST: Entering  noviRacun(klijent=korenski.model.klijenti.Klijent@5c10a7af, request=org.apache.catalina.connector.RequestFacade@1d3c7fec) 
јун 03, 2017 11:52:24 PM korenski.controller.institutions.RacunController noviRacun
INFO: USER 1 DEACTIVATE_ACCOUNT 123-6159904060534-39

јун 03, 2017 11:52:24 PM korenski.controller.institutions.RacunController noviRacun
FINEST: Leaving noviRacun(): korenski.model.infrastruktura.Racun@23c656dd

јун 03, 2017 11:52:25 PM korenski.controller.institutions.RacunController noviRacun
FINEST: Entering  noviRacun(klijent=korenski.model.klijenti.Klijent@449c61f2, request=org.apache.catalina.connector.RequestFacade@1d3c7fec) 
јун 03, 2017 11:52:26 PM korenski.controller.institutions.RacunController noviRacun
INFO: USER 1 DEACTIVATE_ACCOUNT 123-1623877099310-49

јун 03, 2017 11:52:26 PM korenski.controller.institutions.RacunController noviRacun
FINEST: Leaving noviRacun(): korenski.model.infrastruktura.Racun@842928a

јун 03, 2017 11:52:42 PM korenski.controller.institutions.RacunController noviRacun
FINEST: Entering  noviRacun(klijent=korenski.model.klijenti.Klijent@615dae7, request=org.apache.catalina.connector.RequestFacade@1d3c7fec) 
јун 03, 2017 11:52:42 PM korenski.controller.institutions.RacunController noviRacun
INFO: USER 1 DEACTIVATE_ACCOUNT 123-6258551073273-8

јун 03, 2017 11:52:42 PM korenski.controller.institutions.RacunController noviRacun
FINEST: Leaving noviRacun(): korenski.model.infrastruktura.Racun@5ff18b2a

јун 03, 2017 11:53:04 PM korenski.controller.institutions.RacunController noviRacun
FINEST: Entering  noviRacun(klijent=korenski.model.klijenti.Klijent@4d2c64fa, request=org.apache.catalina.connector.RequestFacade@1d3c7fec) 
јун 03, 2017 11:53:04 PM korenski.controller.institutions.RacunController noviRacun
INFO: USER 1 DEACTIVATE_ACCOUNT 123-7533898626821-54

јун 03, 2017 11:53:04 PM korenski.controller.institutions.RacunController noviRacun
FINEST: Leaving noviRacun(): korenski.model.infrastruktura.Racun@3005348b

јун 03, 2017 11:54:40 PM korenski.controller.institutions.RacunController noviRacun
FINEST: Entering  noviRacun(klijent=korenski.model.klijenti.Klijent@35275694, request=org.apache.catalina.connector.RequestFacade@1d3c7fec) 
јун 03, 2017 11:55:04 PM korenski.controller.institutions.RacunController noviRacun
FINEST: Entering  noviRacun(klijent=korenski.model.klijenti.Klijent@2b179341, request=org.apache.catalina.connector.RequestFacade@3ca479db) 
јун 03, 2017 11:56:01 PM korenski.controller.institutions.RacunController noviRacun
FINEST: Entering  noviRacun(klijent=korenski.model.klijenti.Klijent@7e7ee5e2, request=org.apache.catalina.connector.RequestFacade@3ca479db) 
јун 03, 2017 11:56:22 PM korenski.controller.institutions.RacunController noviRacun
FINEST: Entering  noviRacun(klijent=korenski.model.klijenti.Klijent@752af4b8, request=org.apache.catalina.connector.RequestFacade@236e8696) 
јун 03, 2017 11:56:49 PM korenski.controller.institutions.RacunController noviRacun
FINEST: Entering  noviRacun(klijent=korenski.model.klijenti.Klijent@2d2cc145, request=org.apache.catalina.connector.RequestFacade@236e8696) 
јун 04, 2017 12:32:25 AM korenski.controller.institutions.RacunController noviRacun
FINEST: Entering  noviRacun(klijent=korenski.model.klijenti.Klijent@35477a70, request=org.apache.catalina.connector.RequestFacade@58cb67c) 
јун 04, 2017 12:32:25 AM korenski.controller.institutions.RacunController noviRacun
INFO: USER 1 DEACTIVATE_ACCOUNT 123-8374966843679-46

јун 04, 2017 12:32:25 AM korenski.controller.institutions.RacunController noviRacun
FINEST: Leaving noviRacun(): korenski.model.infrastruktura.Racun@567f0018

јун 04, 2017 12:32:27 AM korenski.controller.institutions.RacunController noviRacun
FINEST: Entering  noviRacun(klijent=korenski.model.klijenti.Klijent@f84f049, request=org.apache.catalina.connector.RequestFacade@58cb67c) 
јун 04, 2017 12:32:27 AM korenski.controller.institutions.RacunController noviRacun
INFO: USER 1 DEACTIVATE_ACCOUNT 123-5285536567599-32

јун 04, 2017 12:32:27 AM korenski.controller.institutions.RacunController noviRacun
FINEST: Leaving noviRacun(): korenski.model.infrastruktura.Racun@40551c4

јун 04, 2017 12:32:29 AM korenski.controller.institutions.RacunController noviRacun
FINEST: Entering  noviRacun(klijent=korenski.model.klijenti.Klijent@1d4febe4, request=org.apache.catalina.connector.RequestFacade@58cb67c) 
јун 04, 2017 12:32:29 AM korenski.controller.institutions.RacunController noviRacun
INFO: USER 1 DEACTIVATE_ACCOUNT 123-2010677553967-98

јун 04, 2017 12:32:29 AM korenski.controller.institutions.RacunController noviRacun
FINEST: Leaving noviRacun(): korenski.model.infrastruktura.Racun@7108a286

јун 04, 2017 12:32:30 AM korenski.controller.institutions.RacunController noviRacun
FINEST: Entering  noviRacun(klijent=korenski.model.klijenti.Klijent@77aa6f9e, request=org.apache.catalina.connector.RequestFacade@58cb67c) 
јун 04, 2017 12:32:31 AM korenski.controller.institutions.RacunController noviRacun
INFO: USER 1 DEACTIVATE_ACCOUNT 123-0296483313152-24

јун 04, 2017 12:32:31 AM korenski.controller.institutions.RacunController noviRacun
FINEST: Leaving noviRacun(): korenski.model.infrastruktura.Racun@1b0c3f24

јун 04, 2017 12:34:25 AM korenski.controller.institutions.RacunController noviRacun
FINEST: Entering  noviRacun(klijent=korenski.model.klijenti.Klijent@3334517c, request=org.apache.catalina.connector.RequestFacade@58cb67c) 
јун 04, 2017 12:34:35 AM korenski.controller.institutions.RacunController noviRacun
FINEST: Entering  noviRacun(klijent=korenski.model.klijenti.Klijent@31d72ab4, request=org.apache.catalina.connector.RequestFacade@1409abb7) 
јун 04, 2017 12:40:25 AM korenski.controller.institutions.RacunController noviRacun
FINEST: Entering  noviRacun(klijent=korenski.model.klijenti.Klijent@7f401822, request=org.apache.catalina.connector.RequestFacade@4b20255d) 
јун 04, 2017 12:40:25 AM korenski.controller.institutions.RacunController noviRacun
INFO: USER 1 DEACTIVATE_ACCOUNT 123-9040936485614-36

јун 04, 2017 12:40:25 AM korenski.controller.institutions.RacunController noviRacun
FINEST: Leaving noviRacun(): korenski.model.infrastruktura.Racun@3ee08316

јун 04, 2017 12:40:27 AM korenski.controller.institutions.RacunController noviRacun
FINEST: Entering  noviRacun(klijent=korenski.model.klijenti.Klijent@34ae6d21, request=org.apache.catalina.connector.RequestFacade@4b20255d) 
јун 04, 2017 12:40:27 AM korenski.controller.institutions.RacunController noviRacun
INFO: USER 1 DEACTIVATE_ACCOUNT 123-9915300869116-46

јун 04, 2017 12:40:27 AM korenski.controller.institutions.RacunController noviRacun
FINEST: Leaving noviRacun(): korenski.model.infrastruktura.Racun@8a196c0

јун 04, 2017 12:42:13 AM korenski.controller.institutions.RacunController noviRacun
FINEST: Entering  noviRacun(klijent=korenski.model.klijenti.Klijent@3b5da31d, request=org.apache.catalina.connector.RequestFacade@4b20255d) 
јун 04, 2017 12:42:13 AM korenski.controller.institutions.RacunController noviRacun
INFO: USER 1 DEACTIVATE_ACCOUNT 123-7341763046876-61

јун 04, 2017 12:42:13 AM korenski.controller.institutions.RacunController noviRacun
FINEST: Leaving noviRacun(): korenski.model.infrastruktura.Racun@3eea41e8

