[INFO ]2017-06-10 14:06:58 k.c.a.AuthenticationController - User {} LOGIN info: promjena inicijalne lozinke
[INFO ]2017-06-10 14:07:15 k.c.a.AuthenticationController - User 10 LOGIN 
[INFO ]2017-06-10 14:07:47 k.c.a.NaiveAuthenticationController - User 10 LOGOFF
[INFO ]2017-06-10 14:07:52 k.c.a.AuthenticationController - User {} LOGIN info: promjena inicijalne lozinke
[INFO ]2017-06-10 14:08:12 k.c.a.AuthenticationController - User 11 LOGIN 
[INFO ]2017-06-10 14:10:34 k.c.a.AuthenticationController - User 10 LOGIN info: promjena inicijalne lozinke
[INFO ]2017-06-10 14:10:50 k.c.a.AuthenticationController - User 10 LOGIN 
[INFO ]2017-06-10 14:11:33 k.c.a.NaiveAuthenticationController - User 10 LOGOFF
[INFO ]2017-06-10 14:11:37 k.c.a.AuthenticationController - User 11 LOGIN info: promjena inicijalne lozinke
[INFO ]2017-06-10 14:11:52 k.c.a.AuthenticationController - User 11 LOGIN 
[INFO ]2017-06-10 14:58:11 k.c.autorizacija.UserController - User  INSERT_INITAL_ADMIN admin profile 10 
[INFO ]2017-06-10 14:58:29 k.c.a.AuthenticationController - User 10 LOGIN info: promjena inicijalne lozinke
[WARN ]2017-06-10 14:58:45 k.c.autorizacija.UserController - User 10 PASSWORD_CHANGE_USER greska: neuspijesna promjena lozinke korisnicko ime se ne poklapa sa unesenim
[WARN ]2017-06-10 14:59:42 k.c.autorizacija.UserController - User -1  PASSWORD_CHANGE_USER greska: stara i unesena lozinka se ne poklapaju
[INFO ]2017-06-10 14:59:51 k.c.autorizacija.UserController - User -5 PASSWORD_CHANGE_USER 
[INFO ]2017-06-10 15:00:01 k.c.a.AuthenticationController - User 10 LOGIN greska: nevalidini kredencijali
[INFO ]2017-06-10 15:00:07 k.c.a.AuthenticationController - User 10 LOGIN 
[WARN ]2017-06-10 15:00:36 k.c.autorizacija.UserController - INSERT_USER greska: nevalidni paterni inputa
[INFO ]2017-06-10 15:00:50 k.c.autorizacija.UserController - User 10 INSERT_USER employee profile 11 
[WARN ]2017-06-10 16:39:49 k.c.autorizacija.UserController - INSERT_INITAL_ADMIN greska: nevalidni paterni inputa
[WARN ]2017-06-10 16:40:03 k.c.a.AuthenticationController - Neuspijesno logovanje
[WARN ]2017-06-10 16:40:50 k.c.autorizacija.UserController - INSERT_INITAL_ADMIN greska: nevalidni paterni inputa
[INFO ]2017-06-10 16:42:18 k.c.autorizacija.UserController - User  INSERT_INITAL_ADMIN admin profile 10 
[INFO ]2017-06-10 16:42:28 k.c.a.AuthenticationController - User 10 LOGIN info: promjena inicijalne lozinke
[INFO ]2017-06-10 16:42:44 k.c.autorizacija.UserController - User -5 PASSWORD_CHANGE_USER 
[INFO ]2017-06-10 16:42:48 k.c.a.AuthenticationController - User 10 LOGIN 
[WARN ]2017-06-10 16:43:07 k.c.autorizacija.UserController - INSERT_USER greska: nevalidni paterni inputa
[INFO ]2017-06-10 16:44:35 k.c.autorizacija.UserController - User  INSERT_INITAL_ADMIN admin profile 10 
[INFO ]2017-06-10 16:44:50 k.c.a.AuthenticationController - User 10 LOGIN info: promjena inicijalne lozinke
[INFO ]2017-06-10 16:44:57 k.c.autorizacija.UserController - User -5 PASSWORD_CHANGE_USER 
[INFO ]2017-06-10 16:45:04 k.c.a.AuthenticationController - User 10 LOGIN 
[INFO ]2017-06-10 16:45:22 k.c.autorizacija.UserController - User 10 INSERT_USER employee profile 11 
[INFO ]2017-06-10 16:45:37 k.c.a.NaiveAuthenticationController - User 10 LOGOFF
[INFO ]2017-06-10 16:45:47 k.c.a.AuthenticationController - User 11 LOGIN info: promjena inicijalne lozinke
[INFO ]2017-06-10 16:45:58 k.c.autorizacija.UserController - User -5 PASSWORD_CHANGE_USER 
[INFO ]2017-06-10 16:46:03 k.c.a.AuthenticationController - User 11 LOGIN 
[INFO ]2017-06-10 16:47:04 k.c.a.NaiveAuthenticationController - User 11 LOGOFF
[INFO ]2017-06-10 16:47:10 k.c.a.AuthenticationController - User 10 LOGIN 
[INFO ]2017-06-10 16:47:30 k.c.autorizacija.UserController - User 10 INSERT_USER legal profile null 
[INFO ]2017-06-10 16:47:49 k.c.a.NaiveAuthenticationController - User 10 LOGOFF
[INFO ]2017-06-10 16:47:58 k.c.a.AuthenticationController - User 12 LOGIN info: promjena inicijalne lozinke
[INFO ]2017-06-12 16:03:23 k.c.autorizacija.UserController - User  INSERT_INITAL_ADMIN admin profile 10 
[INFO ]2017-06-12 16:03:52 k.c.a.AuthenticationController - User 10 LOGIN info: promjena inicijalne lozinke
[INFO ]2017-06-12 16:04:09 k.c.autorizacija.UserController - User -5 PASSWORD_CHANGE_USER 
[INFO ]2017-06-12 16:04:14 k.c.a.AuthenticationController - User 10 LOGIN 
[INFO ]2017-06-12 16:40:09 k.c.autorizacija.UserController - User  INSERT_INITAL_ADMIN admin profile 5 
[INFO ]2017-06-12 16:41:04 k.c.autorizacija.UserController - User  INSERT_INITAL_ADMIN admin profile 5 
[INFO ]2017-06-12 16:41:04 k.c.autorizacija.UserController - User  INSERT_INITAL_ADMIN admin profile 6 
[INFO ]2017-06-12 16:41:04 k.c.autorizacija.UserController - User  INSERT_INITAL_ADMIN admin profile 7 
[INFO ]2017-06-12 16:41:04 k.c.autorizacija.UserController - User  INSERT_INITAL_ADMIN admin profile 8 
[INFO ]2017-06-12 16:41:04 k.c.autorizacija.UserController - User  INSERT_INITAL_ADMIN admin profile 9 
[INFO ]2017-06-12 16:44:05 k.c.a.AuthenticationController - User 5 LOGIN 
[INFO ]2017-06-12 16:45:41 k.c.a.NaiveAuthenticationController - User 5 LOGOFF
[INFO ]2017-06-12 16:45:55 k.c.a.AuthenticationController - User 6 LOGIN 
[INFO ]2017-06-12 16:45:58 k.c.a.NaiveAuthenticationController - User 6 LOGOFF
[WARN ]2017-06-12 16:46:07 k.c.a.AuthenticationController - Neuspijesno logovanje
[INFO ]2017-06-12 16:46:16 k.c.a.AuthenticationController - User 7 LOGIN 
[INFO ]2017-06-12 16:46:18 k.c.a.NaiveAuthenticationController - User 7 LOGOFF
[INFO ]2017-06-12 16:46:38 k.c.a.NaiveAuthenticationController - User 8 LOGOFF
<<<<<<< HEAD
[INFO ]2017-06-12 17:26:28 k.c.autorizacija.UserController - User  INSERT_INITAL_ADMIN admin profile 5 
[INFO ]2017-06-12 17:26:28 k.c.autorizacija.UserController - User  INSERT_INITAL_ADMIN admin profile 6 
[INFO ]2017-06-12 17:26:28 k.c.autorizacija.UserController - User  INSERT_INITAL_ADMIN admin profile 7 
[INFO ]2017-06-12 17:26:28 k.c.autorizacija.UserController - User  INSERT_INITAL_ADMIN admin profile 8 
[INFO ]2017-06-12 17:26:28 k.c.autorizacija.UserController - User  INSERT_INITAL_ADMIN admin profile 9 
[INFO ]2017-06-12 17:26:53 k.c.a.AuthenticationController - User 5 LOGIN 
[INFO ]2017-06-12 18:41:01 k.c.autorizacija.UserController - User -5 PASSWORD_CHANGE_USER 
[INFO ]2017-06-12 18:41:14 k.c.a.AuthenticationController - User 5 LOGIN 
[INFO ]2017-06-12 18:43:07 k.c.a.NaiveAuthenticationController - User 5 LOGOFF
[INFO ]2017-06-12 18:58:33 k.c.autorizacija.UserController - User  INSERT_INITAL_ADMIN admin profile 5 
[INFO ]2017-06-12 18:58:33 k.c.autorizacija.UserController - User  INSERT_INITAL_ADMIN admin profile 6 
[INFO ]2017-06-12 18:58:33 k.c.autorizacija.UserController - User  INSERT_INITAL_ADMIN admin profile 7 
[INFO ]2017-06-12 18:58:33 k.c.autorizacija.UserController - User  INSERT_INITAL_ADMIN admin profile 8 
[INFO ]2017-06-12 18:58:33 k.c.autorizacija.UserController - User  INSERT_INITAL_ADMIN admin profile 9 
[INFO ]2017-06-12 18:58:52 k.c.a.AuthenticationController - User 5 LOGIN 
[INFO ]2017-06-12 18:59:28 k.c.autorizacija.UserController - User -5 PASSWORD_CHANGE_USER 
[INFO ]2017-06-12 18:59:39 k.c.a.AuthenticationController - User 5 LOGIN 
[INFO ]2017-06-12 19:06:31 k.c.a.NaiveAuthenticationController - User 5 LOGOFF
[INFO ]2017-06-12 19:06:43 k.c.a.AuthenticationController - User 6 LOGIN 
[INFO ]2017-06-12 19:11:16 k.c.autorizacija.UserController - User  INSERT_INITAL_ADMIN admin profile 5 
[INFO ]2017-06-12 19:11:16 k.c.autorizacija.UserController - User  INSERT_INITAL_ADMIN admin profile 6 
[INFO ]2017-06-12 19:11:16 k.c.autorizacija.UserController - User  INSERT_INITAL_ADMIN admin profile 7 
[INFO ]2017-06-12 19:11:16 k.c.autorizacija.UserController - User  INSERT_INITAL_ADMIN admin profile 8 
[INFO ]2017-06-12 19:11:17 k.c.autorizacija.UserController - User  INSERT_INITAL_ADMIN admin profile 9 
[INFO ]2017-06-12 19:11:56 k.c.a.AuthenticationController - User 5 LOGIN info: promjena inicijalne lozinke
[INFO ]2017-06-12 19:12:20 k.c.autorizacija.UserController - User -5 PASSWORD_CHANGE_USER 
[INFO ]2017-06-12 19:12:34 k.c.a.AuthenticationController - User 5 LOGIN 
[INFO ]2017-06-12 19:13:07 k.c.autorizacija.UserController - User -5 PASSWORD_CHANGE_USER 
[INFO ]2017-06-12 19:13:20 k.c.a.AuthenticationController - User 5 LOGIN 
[INFO ]2017-06-12 19:13:57 k.c.a.NaiveAuthenticationController - User 5 LOGOFF
[INFO ]2017-06-12 19:14:11 k.c.a.AuthenticationController - User 6 LOGIN 
[INFO ]2017-06-12 19:14:55 k.c.autorizacija.UserController - User -5 PASSWORD_CHANGE_USER 
[INFO ]2017-06-12 19:15:06 k.c.a.AuthenticationController - User 6 LOGIN 
[INFO ]2017-06-12 19:24:03 k.c.autorizacija.UserController - User  INSERT_INITAL_ADMIN admin profile 5 
[INFO ]2017-06-12 19:24:03 k.c.autorizacija.UserController - User  INSERT_INITAL_ADMIN admin profile 6 
[INFO ]2017-06-12 19:24:03 k.c.autorizacija.UserController - User  INSERT_INITAL_ADMIN admin profile 7 
[INFO ]2017-06-12 19:24:03 k.c.autorizacija.UserController - User  INSERT_INITAL_ADMIN admin profile 8 
[INFO ]2017-06-12 19:24:03 k.c.autorizacija.UserController - User  INSERT_INITAL_ADMIN admin profile 9 
[INFO ]2017-06-12 19:24:31 k.c.a.AuthenticationController - User 6 LOGIN 
[INFO ]2017-06-12 19:25:45 k.c.businesslogic.ImportController - User 6 Permisija interna tranasakcija duznik: 123-9338670954849-69 poverilac: 123-8880775775674-13 iznos: 150.23 
[INFO ]2017-06-12 19:25:46 k.c.businesslogic.ImportController - User 6 Permisija medjubankarska transakcija duznik: 123-9338670954849-69 poverilac: 234-6355718718680-9 iznos: 1500.23  hitno: Ne
[INFO ]2017-06-12 19:25:47 k.c.businesslogic.ImportController - User 6 Permisija medjubankarska transakcija duznik: 123-9338670954849-69 poverilac: 345-3990849817799-56 iznos: 1200.0  hitno: Ne
[INFO ]2017-06-12 19:25:47 k.c.businesslogic.ImportController - User 6 Permisija medjubankarska transakcija duznik: 123-9338670954849-69 poverilac: 345-3990849817799-56 iznos: 8000.0  hitno: Ne
[INFO ]2017-06-12 19:25:47 k.c.businesslogic.ImportController - User 6 Permisija medjubankarska transakcija duznik: 123-9338670954849-69 poverilac: 345-3990849817799-56 iznos: 300.0  hitno: Ne
[INFO ]2017-06-12 19:25:47 k.c.businesslogic.ImportController - User 6 Permisija medjubankarska transakcija duznik: 123-9338670954849-69 poverilac: 345-3990849817799-56 iznos: 300.0  hitno: Ne
[INFO ]2017-06-12 19:25:48 k.c.businesslogic.ImportController - User 6 Permisija medjubankarska transakcija duznik: 123-9338670954849-69 poverilac: 345-3990849817799-56 iznos: 300.0  hitno: Ne
[INFO ]2017-06-12 19:25:49 k.c.businesslogic.ImportController - User 6 Permisija medjubankarska transakcija duznik: 123-9338670954849-69 poverilac: 345-3990849817799-56 iznos: 300.0  hitno: Da
[INFO ]2017-06-12 19:26:41 k.c.autorizacija.UserController - User -5 PASSWORD_CHANGE_USER 
[INFO ]2017-06-12 19:26:49 k.c.a.AuthenticationController - User 6 LOGIN 
[INFO ]2017-06-13 11:06:40 k.c.autorizacija.UserController - User  INSERT_INITAL_ADMIN admin profile 5 
[INFO ]2017-06-13 11:06:41 k.c.autorizacija.UserController - User  INSERT_INITAL_ADMIN admin profile 6 
[INFO ]2017-06-13 11:06:41 k.c.autorizacija.UserController - User  INSERT_INITAL_ADMIN admin profile 7 
[INFO ]2017-06-13 11:06:41 k.c.autorizacija.UserController - User  INSERT_INITAL_ADMIN admin profile 8 
[INFO ]2017-06-13 11:06:41 k.c.autorizacija.UserController - User  INSERT_INITAL_ADMIN admin profile 9 
[INFO ]2017-06-13 11:07:43 k.c.a.AuthenticationController - User 6 LOGIN 
[INFO ]2017-06-13 11:18:20 k.c.autorizacija.UserController - User  INSERT_INITAL_ADMIN admin profile 5 
[INFO ]2017-06-13 11:18:20 k.c.autorizacija.UserController - User  INSERT_INITAL_ADMIN admin profile 6 
[INFO ]2017-06-13 11:18:20 k.c.autorizacija.UserController - User  INSERT_INITAL_ADMIN admin profile 7 
[INFO ]2017-06-13 11:18:20 k.c.autorizacija.UserController - User  INSERT_INITAL_ADMIN admin profile 8 
[INFO ]2017-06-13 11:18:20 k.c.autorizacija.UserController - User  INSERT_INITAL_ADMIN admin profile 9 
[INFO ]2017-06-13 11:22:50 k.c.autorizacija.UserController - User  INSERT_INITAL_ADMIN admin profile 5 
[INFO ]2017-06-13 11:22:50 k.c.autorizacija.UserController - User  INSERT_INITAL_ADMIN admin profile 6 
[INFO ]2017-06-13 11:22:50 k.c.autorizacija.UserController - User  INSERT_INITAL_ADMIN admin profile 7 
[INFO ]2017-06-13 11:22:50 k.c.autorizacija.UserController - User  INSERT_INITAL_ADMIN admin profile 8 
[INFO ]2017-06-13 11:22:50 k.c.autorizacija.UserController - User  INSERT_INITAL_ADMIN admin profile 9 
[INFO ]2017-06-13 11:23:21 k.c.a.AuthenticationController - User 5 LOGIN info: promjena inicijalne lozinke
[INFO ]2017-06-13 11:25:42 k.c.autorizacija.UserController - User  INSERT_INITAL_ADMIN admin profile 5 
[INFO ]2017-06-13 11:25:42 k.c.autorizacija.UserController - User  INSERT_INITAL_ADMIN admin profile 6 
[INFO ]2017-06-13 11:25:42 k.c.autorizacija.UserController - User  INSERT_INITAL_ADMIN admin profile 7 
[INFO ]2017-06-13 11:25:42 k.c.autorizacija.UserController - User  INSERT_INITAL_ADMIN admin profile 8 
[INFO ]2017-06-13 11:25:42 k.c.autorizacija.UserController - User  INSERT_INITAL_ADMIN admin profile 9 
[INFO ]2017-06-13 11:26:11 k.c.a.AuthenticationController - User 5 LOGIN info: promjena inicijalne lozinke
[INFO ]2017-06-13 11:27:51 k.c.autorizacija.UserController - User  INSERT_INITAL_ADMIN admin profile 5 
[INFO ]2017-06-13 11:27:51 k.c.autorizacija.UserController - User  INSERT_INITAL_ADMIN admin profile 6 
[INFO ]2017-06-13 11:27:51 k.c.autorizacija.UserController - User  INSERT_INITAL_ADMIN admin profile 7 
[INFO ]2017-06-13 11:27:51 k.c.autorizacija.UserController - User  INSERT_INITAL_ADMIN admin profile 8 
[INFO ]2017-06-13 11:27:51 k.c.autorizacija.UserController - User  INSERT_INITAL_ADMIN admin profile 9 
[INFO ]2017-06-13 11:28:11 k.c.a.AuthenticationController - User 5 LOGIN info: promjena inicijalne lozinke
[INFO ]2017-06-13 11:32:14 k.c.autorizacija.UserController - User  INSERT_INITAL_ADMIN admin profile 5 
[INFO ]2017-06-13 11:32:14 k.c.autorizacija.UserController - User  INSERT_INITAL_ADMIN admin profile 6 
[INFO ]2017-06-13 11:32:14 k.c.autorizacija.UserController - User  INSERT_INITAL_ADMIN admin profile 7 
[INFO ]2017-06-13 11:32:14 k.c.autorizacija.UserController - User  INSERT_INITAL_ADMIN admin profile 8 
[INFO ]2017-06-13 11:32:14 k.c.autorizacija.UserController - User  INSERT_INITAL_ADMIN admin profile 9 
[INFO ]2017-06-13 11:32:35 k.c.a.AuthenticationController - User 5 LOGIN info: promjena inicijalne lozinke
[INFO ]2017-06-13 11:33:11 k.c.autorizacija.UserController - User -5 PASSWORD_CHANGE_USER 
[INFO ]2017-06-13 11:33:24 k.c.a.AuthenticationController - User 5 LOGIN greska: nevalidini kredencijali
[INFO ]2017-06-13 11:33:28 k.c.a.AuthenticationController - User 5 LOGIN 
[INFO ]2017-06-13 11:34:53 k.c.autorizacija.UserController - User -5 PASSWORD_CHANGE_USER 
[INFO ]2017-06-13 11:35:06 k.c.a.AuthenticationController - User 5 LOGIN 
[INFO ]2017-06-13 11:37:12 k.c.a.NaiveAuthenticationController - User 5 LOGOFF
[INFO ]2017-06-13 11:38:54 k.c.autorizacija.UserController - User  INSERT_INITAL_ADMIN admin profile 5 
[INFO ]2017-06-13 11:38:54 k.c.autorizacija.UserController - User  INSERT_INITAL_ADMIN admin profile 6 
[INFO ]2017-06-13 11:38:54 k.c.autorizacija.UserController - User  INSERT_INITAL_ADMIN admin profile 7 
[INFO ]2017-06-13 11:38:54 k.c.autorizacija.UserController - User  INSERT_INITAL_ADMIN admin profile 8 
[INFO ]2017-06-13 11:38:54 k.c.autorizacija.UserController - User  INSERT_INITAL_ADMIN admin profile 9 
[INFO ]2017-06-13 12:25:07 k.c.a.AuthenticationController - User 5 LOGIN info: promjena inicijalne lozinke
[INFO ]2017-06-13 12:25:20 k.c.autorizacija.UserController - User -5 PASSWORD_CHANGE_USER 
[INFO ]2017-06-13 12:25:30 k.c.a.AuthenticationController - User 5 LOGIN 
[INFO ]2017-06-13 12:26:14 k.c.autorizacija.UserController - User 5 INSERT_USER employee profile 10 
[INFO ]2017-06-13 12:26:38 k.c.a.NaiveAuthenticationController - User 5 LOGOFF
[INFO ]2017-06-13 12:26:42 k.c.a.AuthenticationController - User 10 LOGIN info: promjena inicijalne lozinke
[INFO ]2017-06-13 12:26:58 k.c.autorizacija.UserController - User -5 PASSWORD_CHANGE_USER 
[INFO ]2017-06-13 12:27:05 k.c.a.AuthenticationController - User 10 LOGIN 
[INFO ]2017-06-13 12:30:29 k.c.a.NaiveAuthenticationController - User 10 LOGOFF
[INFO ]2017-06-13 12:30:57 k.c.a.AuthenticationController - User 5 LOGIN 
[WARN ]2017-06-13 12:31:21 k.c.autorizacija.UserController - INSERT_USER greska: nevalidni paterni inputa
[INFO ]2017-06-13 12:31:30 k.c.autorizacija.UserController - User 5 INSERT_USER legal profile null 
[INFO ]2017-06-13 12:32:06 k.c.a.NaiveAuthenticationController - User 5 LOGOFF
[INFO ]2017-06-13 12:32:17 k.c.a.AuthenticationController - User 6 LOGIN greska: nevalidini kredencijali
[INFO ]2017-06-13 12:32:20 k.c.a.AuthenticationController - User 6 LOGIN greska: nevalidini kredencijali
[INFO ]2017-06-13 12:32:32 k.c.a.AuthenticationController - User 6 LOGIN greska: nevalidini kredencijali
[INFO ]2017-06-13 12:32:34 k.c.a.AuthenticationController - User 6 LOGIN greska: nevalidini kredencijali
[INFO ]2017-06-13 12:32:35 k.c.a.AuthenticationController - User 6 LOGIN greska: nevalidini kredencijali
[INFO ]2017-06-13 12:32:40 k.c.a.AuthenticationController - User 6 LOGIN greska: nevalidini kredencijali
[INFO ]2017-06-13 12:32:43 k.c.a.AuthenticationController - User 6 LOGIN greska: nevalidini kredencijali
[INFO ]2017-06-14 17:30:18 k.c.autorizacija.UserController - User  INSERT_INITAL_ADMIN admin profile 5 
[INFO ]2017-06-14 17:30:18 k.c.autorizacija.UserController - User  INSERT_INITAL_ADMIN admin profile 6 
[INFO ]2017-06-14 17:30:18 k.c.autorizacija.UserController - User  INSERT_INITAL_ADMIN admin profile 7 
[INFO ]2017-06-14 17:30:18 k.c.autorizacija.UserController - User  INSERT_INITAL_ADMIN admin profile 8 
[INFO ]2017-06-14 17:30:18 k.c.autorizacija.UserController - User  INSERT_INITAL_ADMIN admin profile 9 
[INFO ]2017-06-14 17:31:20 k.c.a.AuthenticationController - User 6 LOGIN 
[INFO ]2017-06-14 17:31:41 k.c.institutions.RacunController - User 6 INSERT_ACCOUNT tip: fizicko lice broj ziroracuna 123-9788849200070-70
[INFO ]2017-06-14 17:38:56 k.c.institutions.RacunController - User 6 INSERT_ACCOUNT tip: fizicko lice broj ziroracuna 123-6032462417316-53
[INFO ]2017-06-14 18:00:44 k.c.autorizacija.UserController - User  INSERT_INITAL_ADMIN admin profile 5 
[INFO ]2017-06-14 18:00:44 k.c.autorizacija.UserController - User  INSERT_INITAL_ADMIN admin profile 6 
[INFO ]2017-06-14 18:00:44 k.c.autorizacija.UserController - User  INSERT_INITAL_ADMIN admin profile 7 
[INFO ]2017-06-14 18:00:44 k.c.autorizacija.UserController - User  INSERT_INITAL_ADMIN admin profile 8 
[INFO ]2017-06-14 18:00:44 k.c.autorizacija.UserController - User  INSERT_INITAL_ADMIN admin profile 9 
[INFO ]2017-06-14 18:01:29 k.c.a.AuthenticationController - User 6 LOGIN 
[INFO ]2017-06-14 18:02:09 k.c.institutions.RacunController - User 6 INSERT_ACCOUNT tip: fizicko lice broj ziroracuna 123-7984232384315-62
[INFO ]2017-06-14 18:02:12 k.c.institutions.RacunController - User 6 DEACTIVATE_ACCOUNT tip: pravno lice broj ziroracuna 123-7984232384315-62
[INFO ]2017-06-14 18:15:48 k.c.autorizacija.UserController - User  INSERT_INITAL_ADMIN admin profile 5 
[INFO ]2017-06-14 18:15:48 k.c.autorizacija.UserController - User  INSERT_INITAL_ADMIN admin profile 6 
[INFO ]2017-06-14 18:15:48 k.c.autorizacija.UserController - User  INSERT_INITAL_ADMIN admin profile 7 
[INFO ]2017-06-14 18:15:48 k.c.autorizacija.UserController - User  INSERT_INITAL_ADMIN admin profile 8 
[INFO ]2017-06-14 18:15:48 k.c.autorizacija.UserController - User  INSERT_INITAL_ADMIN admin profile 9 
[INFO ]2017-06-14 18:16:11 k.c.a.AuthenticationController - User 6 LOGIN 
[INFO ]2017-06-14 18:39:27 k.c.autorizacija.UserController - User  INSERT_INITAL_ADMIN admin profile 5 
[INFO ]2017-06-14 18:39:27 k.c.autorizacija.UserController - User  INSERT_INITAL_ADMIN admin profile 6 
[INFO ]2017-06-14 18:39:27 k.c.autorizacija.UserController - User  INSERT_INITAL_ADMIN admin profile 7 
[INFO ]2017-06-14 18:39:27 k.c.autorizacija.UserController - User  INSERT_INITAL_ADMIN admin profile 8 
[INFO ]2017-06-14 18:39:27 k.c.autorizacija.UserController - User  INSERT_INITAL_ADMIN admin profile 9 
[INFO ]2017-06-14 18:39:49 k.c.a.AuthenticationController - User 6 LOGIN 
[INFO ]2017-06-14 18:40:02 k.c.businesslogic.ImportController - User 6 Permisija interna tranasakcija duznik: 123-9338670954849-69 poverilac: 123-8880775775674-13 iznos: 150.23 
[INFO ]2017-06-14 18:40:03 k.c.businesslogic.ImportController - User 6 Permisija medjubankarska transakcija duznik: 123-9338670954849-69 poverilac: 234-6355718718680-9 iznos: 1500.23  hitno: Ne
[INFO ]2017-06-14 18:40:04 k.c.businesslogic.ImportController - User 6 Permisija medjubankarska transakcija duznik: 123-9338670954849-69 poverilac: 345-3990849817799-56 iznos: 1200.0  hitno: Ne
[INFO ]2017-06-14 18:40:04 k.c.businesslogic.ImportController - User 6 Permisija medjubankarska transakcija duznik: 123-9338670954849-69 poverilac: 345-3990849817799-56 iznos: 8000.0  hitno: Ne
[INFO ]2017-06-14 18:40:04 k.c.businesslogic.ImportController - User 6 Permisija medjubankarska transakcija duznik: 123-9338670954849-69 poverilac: 345-3990849817799-56 iznos: 300.0  hitno: Ne
[INFO ]2017-06-14 18:40:04 k.c.businesslogic.ImportController - User 6 Permisija medjubankarska transakcija duznik: 123-9338670954849-69 poverilac: 345-3990849817799-56 iznos: 300.0  hitno: Ne
[INFO ]2017-06-14 18:40:05 k.c.businesslogic.ImportController - User 6 Permisija medjubankarska transakcija duznik: 123-9338670954849-69 poverilac: 345-3990849817799-56 iznos: 300.0  hitno: Ne
[INFO ]2017-06-14 18:40:07 k.c.businesslogic.ImportController - User 6 Permisija medjubankarska transakcija duznik: 123-9338670954849-69 poverilac: 345-3990849817799-56 iznos: 300.0  hitno: Da
[INFO ]2017-06-14 18:40:25 k.c.a.NaiveAuthenticationController - User 6 LOGOFF
[INFO ]2017-06-14 18:40:38 k.c.a.AuthenticationController - User 7 LOGIN 
[INFO ]2017-06-14 19:21:45 k.c.autorizacija.UserController - User  INSERT_INITAL_ADMIN admin profile 5 
[INFO ]2017-06-14 19:21:46 k.c.autorizacija.UserController - User  INSERT_INITAL_ADMIN admin profile 6 
[INFO ]2017-06-14 19:21:46 k.c.autorizacija.UserController - User  INSERT_INITAL_ADMIN admin profile 7 
[INFO ]2017-06-14 19:21:46 k.c.autorizacija.UserController - User  INSERT_INITAL_ADMIN admin profile 8 
[INFO ]2017-06-14 19:21:46 k.c.autorizacija.UserController - User  INSERT_INITAL_ADMIN admin profile 9 
[INFO ]2017-06-14 19:22:23 k.c.a.AuthenticationController - User 6 LOGIN 
[INFO ]2017-06-14 19:41:58 k.c.a.NaiveAuthenticationController - User 6 LOGOFF
[INFO ]2017-06-14 19:42:07 k.c.a.AuthenticationController - User 7 LOGIN 
=======
[INFO ]2017-06-14 19:32:15 k.c.autorizacija.UserController - User  INSERT_INITAL_ADMIN admin profile 5 
[INFO ]2017-06-14 19:32:16 k.c.autorizacija.UserController - User  INSERT_INITAL_ADMIN admin profile 6 
[INFO ]2017-06-14 19:32:16 k.c.autorizacija.UserController - User  INSERT_INITAL_ADMIN admin profile 7 
[INFO ]2017-06-14 19:32:16 k.c.autorizacija.UserController - User  INSERT_INITAL_ADMIN admin profile 8 
[INFO ]2017-06-14 19:32:16 k.c.autorizacija.UserController - User  INSERT_INITAL_ADMIN admin profile 9 
[INFO ]2017-06-14 19:35:27 k.c.a.AuthenticationController - User 9 LOGIN 
[INFO ]2017-06-14 19:52:02 k.c.autorizacija.UserController - User  INSERT_INITAL_ADMIN admin profile 5 
[INFO ]2017-06-14 19:52:02 k.c.autorizacija.UserController - User  INSERT_INITAL_ADMIN admin profile 6 
[INFO ]2017-06-14 19:52:02 k.c.autorizacija.UserController - User  INSERT_INITAL_ADMIN admin profile 7 
[INFO ]2017-06-14 19:52:02 k.c.autorizacija.UserController - User  INSERT_INITAL_ADMIN admin profile 8 
[INFO ]2017-06-14 19:52:02 k.c.autorizacija.UserController - User  INSERT_INITAL_ADMIN admin profile 9 
[INFO ]2017-06-14 19:54:10 k.c.autorizacija.UserController - User  INSERT_INITAL_ADMIN admin profile 5 
[INFO ]2017-06-14 19:54:10 k.c.autorizacija.UserController - User  INSERT_INITAL_ADMIN admin profile 6 
[INFO ]2017-06-14 19:54:10 k.c.autorizacija.UserController - User  INSERT_INITAL_ADMIN admin profile 7 
[INFO ]2017-06-14 19:54:10 k.c.autorizacija.UserController - User  INSERT_INITAL_ADMIN admin profile 8 
[INFO ]2017-06-14 19:54:11 k.c.autorizacija.UserController - User  INSERT_INITAL_ADMIN admin profile 9 
[INFO ]2017-06-14 19:54:57 k.c.a.AuthenticationController - User 8 LOGIN 
[INFO ]2017-06-14 19:56:06 k.c.a.NaiveAuthenticationController - User 8 LOGOFF
[INFO ]2017-06-14 19:56:25 k.c.a.AuthenticationController - User 9 LOGIN 
[INFO ]2017-06-14 19:56:39 k.c.a.NaiveAuthenticationController - User 9 LOGOFF
[INFO ]2017-06-14 19:59:58 k.c.a.AuthenticationController - User 9 LOGIN 
[INFO ]2017-06-14 20:09:53 k.c.autorizacija.UserController - User  INSERT_INITAL_ADMIN admin profile 5 
[INFO ]2017-06-14 20:09:53 k.c.autorizacija.UserController - User  INSERT_INITAL_ADMIN admin profile 6 
[INFO ]2017-06-14 20:09:53 k.c.autorizacija.UserController - User  INSERT_INITAL_ADMIN admin profile 7 
[INFO ]2017-06-14 20:09:53 k.c.autorizacija.UserController - User  INSERT_INITAL_ADMIN admin profile 8 
[INFO ]2017-06-14 20:09:53 k.c.autorizacija.UserController - User  INSERT_INITAL_ADMIN admin profile 9 
[INFO ]2017-06-14 20:10:18 k.c.a.AuthenticationController - User 9 LOGIN 
[INFO ]2017-06-14 20:24:19 k.c.a.AuthenticationController - User 9 LOGIN 
[INFO ]2017-06-14 20:42:55 k.c.autorizacija.UserController - User  INSERT_INITAL_ADMIN admin profile 5 
[INFO ]2017-06-14 20:42:55 k.c.autorizacija.UserController - User  INSERT_INITAL_ADMIN admin profile 6 
[INFO ]2017-06-14 20:42:55 k.c.autorizacija.UserController - User  INSERT_INITAL_ADMIN admin profile 7 
[INFO ]2017-06-14 20:42:55 k.c.autorizacija.UserController - User  INSERT_INITAL_ADMIN admin profile 8 
[INFO ]2017-06-14 20:42:55 k.c.autorizacija.UserController - User  INSERT_INITAL_ADMIN admin profile 9 
[INFO ]2017-06-14 20:43:43 k.c.a.AuthenticationController - User 8 LOGIN 
[INFO ]2017-06-14 20:49:04 k.c.a.NaiveAuthenticationController - User 8 LOGOFF
[INFO ]2017-06-14 20:49:10 k.c.a.AuthenticationController - User 9 LOGIN 
>>>>>>> gagi_development
